%このファイルは日本語文字を含みます.
\BOOKMARK [1][-]{section.1}{\376\377\221\317\133\120\122\233\133\146\060\156\127\372\171\016}{}% 1
\BOOKMARK [1][-]{section.2}{\376\377\146\102\225\223\060\153\117\235\133\130\060\127\060\152\060\104\060\335\060\306\060\363\060\267\060\343\060\353}{}% 2
\BOOKMARK [2][-]{subsection.2.1}{\376\377\147\011\226\120\060\335\060\306\060\363\060\267\060\343\060\353}{section.2}% 3
\BOOKMARK [2][-]{subsection.2.2}{\376\377\136\163\227\142\154\342}{section.2}% 4
\BOOKMARK [2][-]{subsection.2.3}{\376\377\122\133\117\123\130\301\060\335\060\306\060\363\060\267\060\343\060\353}{section.2}% 5
\BOOKMARK [2][-]{subsection.2.4}{\376\377\116\225\142\070\127\213\060\335\060\306\060\363\060\267\060\343\060\353}{section.2}% 6
\BOOKMARK [2][-]{subsection.2.5}{\376\377\0001\153\041\121\103\212\277\124\214\143\057\122\325\133\120}{section.2}% 7
\BOOKMARK [2][-]{subsection.2.6}{\376\377\0003\153\041\121\103\212\277\124\214\143\057\122\325\133\120}{section.2}% 8
\BOOKMARK [2][-]{subsection.2.7}{\376\377\0002\153\041\121\103\116\055\137\303\122\233\060\335\060\306\060\363\060\267\060\343\060\353}{section.2}% 9
\BOOKMARK [2][-]{subsection.2.8}{\376\377\0002\153\041\121\103\173\111\145\271\212\277\124\214\143\057\122\325\133\120}{section.2}% 10
\BOOKMARK [2][-]{subsection.2.9}{\376\377\0003\153\041\121\103\116\055\137\303\122\233\000\050\164\003\133\376\171\360\000\051\060\335\060\306\060\363\060\267\060\343\060\353}{section.2}% 11
\BOOKMARK [2][-]{subsection.2.10}{\376\377\201\352\165\061\060\152\000\040\0003\000\040\153\041\121\103\174\373}{section.2}% 12
\BOOKMARK [2][-]{subsection.2.11}{\376\377\164\003\133\376\171\360\122\133\117\123\130\301\060\335\060\306\060\363\060\267\060\343\060\353}{section.2}% 13
\BOOKMARK [2][-]{subsection.2.12}{\376\377\0003\153\041\121\103\173\111\145\271\212\277\124\214\143\057\122\325\133\120}{section.2}% 14
\BOOKMARK [2][-]{subsection.2.13}{\376\377\154\064\175\040\123\237\133\120}{section.2}% 15
\BOOKMARK [2][-]{subsection.2.14}{\376\377\226\373\170\301\130\064\116\055\060\156\203\167\226\373\174\222\133\120}{section.2}% 16
\BOOKMARK [2][-]{subsection.2.15}{\376\377\144\102\122\325\212\326}{section.2}% 17
\BOOKMARK [1][-]{section.3}{\376\377\060\322\060\353\060\331\060\353\060\310\172\172\225\223}{}% 18
\BOOKMARK [1][-]{section.4}{\376\377\146\102\225\223\166\172\134\125\060\156\060\102\060\213\060\267\060\345\060\354\060\374\060\307\060\243\060\363\060\254\060\374\145\271\172\013\137\017}{}% 19
\BOOKMARK [2][-]{subsection.4.1}{\376\377\060\351\060\374\060\342\060\242\153\163\135\356\220\113\122\325}{section.4}% 20
\BOOKMARK [1][-]{section.5}{\376\377\211\322\220\113\122\325\221\317\116\343\145\160}{}% 21
\BOOKMARK [1][-]{section.6}{\376\377\166\370\133\376\212\326\166\204\221\317\133\120\122\233\133\146}{}% 22
